<?xml version="1.0" encoding="UTF-8"?>
<testsuite name="com.github.dreamhead.moco.junit.MocoJunitJsonHttpRunnerTest" tests="2" skipped="0" failures="0" errors="0" timestamp="2020-03-11T08:26:44" hostname="ubuntu" time="0.425">
  <properties/>
  <testcase name="should_return_expected_message_2" classname="com.github.dreamhead.moco.junit.MocoJunitJsonHttpRunnerTest" time="0.393"/>
  <testcase name="should_return_expected_message" classname="com.github.dreamhead.moco.junit.MocoJunitJsonHttpRunnerTest" time="0.017"/>
  <system-out><![CDATA[11 Mar 2020 01:26:45 [pool-1-thread-2] INFO  Request received:

GET / HTTP/1.1
content-length: 0
Connection: Keep-Alive
User-Agent: Apache-HttpClient/4.5.11 (Java/11.0.6)
Host: localhost:12306
Accept-Encoding: gzip,deflate

11 Mar 2020 01:26:45 [pool-1-thread-2] INFO  Response return:

HTTP/1.1 200
Content-Length: 3
Content-Type: text/plain; charset=utf-8

foo

11 Mar 2020 01:26:45 [pool-1-thread-8] INFO  Request received:

GET / HTTP/1.1
content-length: 0
Connection: Keep-Alive
User-Agent: Apache-HttpClient/4.5.11 (Java/11.0.6)
Host: localhost:12306
Accept-Encoding: gzip,deflate

11 Mar 2020 01:26:45 [pool-1-thread-8] INFO  Response return:

HTTP/1.1 200
Content-Length: 3
Content-Type: text/plain; charset=utf-8

foo

]]></system-out>
  <system-err><![CDATA[]]></system-err>
</testsuite>
