<?xml version="1.0" encoding="UTF-8"?>
<testsuite name="com.github.dreamhead.moco.junit.MocoJunitJsonSocketRunnerWithPathTest" tests="1" skipped="0" failures="0" errors="0" timestamp="2020-03-11T08:26:45" hostname="ubuntu" time="0.008">
  <properties/>
  <testcase name="should_return_expected_response" classname="com.github.dreamhead.moco.junit.MocoJunitJsonSocketRunnerWithPathTest" time="0.008"/>
  <system-out><![CDATA[11 Mar 2020 01:26:45 [pool-1-thread-3] INFO  Request received:

foo

11 Mar 2020 01:26:45 [pool-1-thread-3] INFO  Response return:

bar

]]></system-out>
  <system-err><![CDATA[]]></system-err>
</testsuite>
