<?xml version="1.0" encoding="UTF-8"?>
<testsuite name="com.github.dreamhead.moco.mount.MountToTest" tests="3" skipped="0" failures="0" errors="0" timestamp="2020-03-11T08:26:35" hostname="ubuntu" time="0.001">
  <properties/>
  <testcase name="should_return_null_if_no_relative_path_found" classname="com.github.dreamhead.moco.mount.MountToTest" time="0.0"/>
  <testcase name="should_get_relative_path_from_uri" classname="com.github.dreamhead.moco.mount.MountToTest" time="0.0"/>
  <testcase name="should_return_null_if_uri_does_not_match" classname="com.github.dreamhead.moco.mount.MountToTest" time="0.0"/>
  <system-out><![CDATA[]]></system-out>
  <system-err><![CDATA[]]></system-err>
</testsuite>
