<?xml version="1.0" encoding="UTF-8"?>
<testsuite name="com.github.dreamhead.moco.MocoPortTest" tests="2" skipped="0" failures="0" errors="0" timestamp="2020-03-11T08:26:28" hostname="ubuntu" time="0.009">
  <properties/>
  <testcase name="should_not_get_port_without_binding" classname="com.github.dreamhead.moco.MocoPortTest" time="0.001"/>
  <testcase name="should_create_http_server_without_specific_port" classname="com.github.dreamhead.moco.MocoPortTest" time="0.008"/>
  <system-out><![CDATA[]]></system-out>
  <system-err><![CDATA[]]></system-err>
</testsuite>
