<?xml version="1.0" encoding="UTF-8"?>
<testsuite name="com.github.dreamhead.moco.extractor.VersionExtractorTest" tests="1" skipped="0" failures="0" errors="0" timestamp="2020-03-11T08:26:29" hostname="ubuntu" time="0.002">
  <properties/>
  <testcase name="should_extract_version" classname="com.github.dreamhead.moco.extractor.VersionExtractorTest" time="0.002"/>
  <system-out><![CDATA[]]></system-out>
  <system-err><![CDATA[]]></system-err>
</testsuite>
