<?xml version="1.0" encoding="UTF-8"?>
<testsuite name="com.github.dreamhead.moco.MocoRecordTest" tests="9" skipped="0" failures="0" errors="0" timestamp="2020-03-11T08:26:27" hostname="ubuntu" time="0.335">
  <properties/>
  <testcase name="should_record_and_replay_with_group_and_template" classname="com.github.dreamhead.moco.MocoRecordTest" time="0.071"/>
  <testcase name="should_record_and_replay_with_tape_for_multiple_record" classname="com.github.dreamhead.moco.MocoRecordTest" time="0.084"/>
  <testcase name="should_record_and_replay_with_group_and_modifier" classname="com.github.dreamhead.moco.MocoRecordTest" time="0.028"/>
  <testcase name="should_record_and_replay_with_template" classname="com.github.dreamhead.moco.MocoRecordTest" time="0.029"/>
  <testcase name="should_record_and_replay_with_global_file_root" classname="com.github.dreamhead.moco.MocoRecordTest" time="0.016"/>
  <testcase name="should_do_well_for_replay_without_record" classname="com.github.dreamhead.moco.MocoRecordTest" time="0.015"/>
  <testcase name="should_record_and_replay_with_name" classname="com.github.dreamhead.moco.MocoRecordTest" time="0.019"/>
  <testcase name="should_record_and_replay_with_tape" classname="com.github.dreamhead.moco.MocoRecordTest" time="0.056"/>
  <testcase name="should_record_and_replay_with_group_and_response_handler_modifier" classname="com.github.dreamhead.moco.MocoRecordTest" time="0.015"/>
  <system-out><![CDATA[]]></system-out>
  <system-err><![CDATA[Mar 11, 2020 1:26:27 AM org.apache.http.impl.execchain.RetryExec execute
INFO: I/O exception (org.apache.http.NoHttpResponseException) caught when processing request to {}->http://localhost:12306: The target server failed to respond
Mar 11, 2020 1:26:27 AM org.apache.http.impl.execchain.RetryExec execute
INFO: Retrying request to {}->http://localhost:12306
Mar 11, 2020 1:26:28 AM org.apache.http.impl.execchain.RetryExec execute
INFO: I/O exception (org.apache.http.NoHttpResponseException) caught when processing request to {}->http://localhost:12306: The target server failed to respond
Mar 11, 2020 1:26:28 AM org.apache.http.impl.execchain.RetryExec execute
INFO: Retrying request to {}->http://localhost:12306
]]></system-err>
</testsuite>
