<?xml version="1.0" encoding="UTF-8"?>
<testsuite name="com.github.dreamhead.moco.MocoDefenseTest" tests="1" skipped="0" failures="0" errors="0" timestamp="2020-03-11T08:26:28" hostname="ubuntu" time="0.011">
  <properties/>
  <testcase name="should_work_well_without_response_setting" classname="com.github.dreamhead.moco.MocoDefenseTest" time="0.011"/>
  <system-out><![CDATA[]]></system-out>
  <system-err><![CDATA[]]></system-err>
</testsuite>
