<?xml version="1.0" encoding="UTF-8"?>
<testsuite name="com.github.dreamhead.moco.extractor.HttpMethodExtractorTest" tests="1" skipped="0" failures="0" errors="0" timestamp="2020-03-11T08:26:28" hostname="ubuntu" time="0.044">
  <properties/>
  <testcase name="should_extract_http_method" classname="com.github.dreamhead.moco.extractor.HttpMethodExtractorTest" time="0.044"/>
  <system-out><![CDATA[]]></system-out>
  <system-err><![CDATA[]]></system-err>
</testsuite>
