<?xml version="1.0" encoding="UTF-8"?>
<testsuite name="com.github.dreamhead.moco.resource.reader.FileResourceReaderTest" tests="2" skipped="0" failures="0" errors="0" timestamp="2020-03-11T08:26:36" hostname="ubuntu" time="0.001">
  <properties/>
  <testcase name="should_throw_exception_when_file_does_not_exist" classname="com.github.dreamhead.moco.resource.reader.FileResourceReaderTest" time="0.001"/>
  <testcase name="should_return_class_path_file_content" classname="com.github.dreamhead.moco.resource.reader.FileResourceReaderTest" time="0.0"/>
  <system-out><![CDATA[]]></system-out>
  <system-err><![CDATA[]]></system-err>
</testsuite>
