<?xml version="1.0" encoding="UTF-8"?>
<testsuite name="com.github.dreamhead.moco.extractor.JsonPathRequestExtractorTest" tests="2" skipped="0" failures="0" errors="0" timestamp="2020-03-11T08:26:28" hostname="ubuntu" time="0.055">
  <properties/>
  <testcase name="should_extract_array" classname="com.github.dreamhead.moco.extractor.JsonPathRequestExtractorTest" time="0.054"/>
  <testcase name="should_extract_empty_content_as_absent" classname="com.github.dreamhead.moco.extractor.JsonPathRequestExtractorTest" time="0.001"/>
  <system-out><![CDATA[]]></system-out>
  <system-err><![CDATA[]]></system-err>
</testsuite>
