<?xml version="1.0" encoding="UTF-8"?>
<testsuite name="com.github.dreamhead.moco.util.IterablesTest" tests="1" skipped="0" failures="0" errors="0" timestamp="2020-03-11T08:26:35" hostname="ubuntu" time="0.0">
  <properties/>
  <testcase name="should_get_tail" classname="com.github.dreamhead.moco.util.IterablesTest" time="0.0"/>
  <system-out><![CDATA[]]></system-out>
  <system-err><![CDATA[]]></system-err>
</testsuite>
