<?xml version="1.0" encoding="UTF-8"?>
<testsuite name="com.github.dreamhead.moco.MocoMultithreadingTest" tests="1" skipped="0" failures="0" errors="0" timestamp="2020-03-11T08:26:35" hostname="ubuntu" time="0.114">
  <properties/>
  <testcase name="should_work_well_for_request_hit" classname="com.github.dreamhead.moco.MocoMultithreadingTest" time="0.114"/>
  <system-out><![CDATA[]]></system-out>
  <system-err><![CDATA[]]></system-err>
</testsuite>
