<?xml version="1.0" encoding="UTF-8"?>
<testsuite name="com.github.dreamhead.moco.MocoHttpMethodTest" tests="4" skipped="0" failures="0" errors="0" timestamp="2020-03-11T08:26:35" hostname="ubuntu" time="0.026">
  <properties/>
  <testcase name="should_match_put_method" classname="com.github.dreamhead.moco.MocoHttpMethodTest" time="0.007"/>
  <testcase name="should_match_get_method" classname="com.github.dreamhead.moco.MocoHttpMethodTest" time="0.005"/>
  <testcase name="should_match_post_method" classname="com.github.dreamhead.moco.MocoHttpMethodTest" time="0.007"/>
  <testcase name="should_match_delete_method" classname="com.github.dreamhead.moco.MocoHttpMethodTest" time="0.006"/>
  <system-out><![CDATA[]]></system-out>
  <system-err><![CDATA[]]></system-err>
</testsuite>
