<?xml version="1.0" encoding="UTF-8"?>
<testsuite name="com.github.dreamhead.moco.MocoXmlStandaloneTest" tests="4" skipped="0" failures="0" errors="0" timestamp="2020-03-11T08:27:37" hostname="ubuntu" time="0.116">
  <properties/>
  <testcase name="should_return_expected_response_based_on_specified_xml_file_request" classname="com.github.dreamhead.moco.MocoXmlStandaloneTest" time="0.047"/>
  <testcase name="should_return_expected_response_based_on_specified_xpath_request" classname="com.github.dreamhead.moco.MocoXmlStandaloneTest" time="0.041"/>
  <testcase name="should_return_expected_response_based_on_specified_xml_request" classname="com.github.dreamhead.moco.MocoXmlStandaloneTest" time="0.015"/>
  <testcase name="should_throw_exception_for_unknown_xpath_request" classname="com.github.dreamhead.moco.MocoXmlStandaloneTest" time="0.01"/>
  <system-out><![CDATA[]]></system-out>
  <system-err><![CDATA[]]></system-err>
</testsuite>
