<?xml version="1.0" encoding="UTF-8"?>
<testsuite name="com.github.dreamhead.moco.MocoJsonStandaloneTest" tests="4" skipped="0" failures="0" errors="0" timestamp="2020-03-11T08:26:50" hostname="ubuntu" time="1.461">
  <properties/>
  <testcase name="should_return_expected_json_response_based_on_specified_json_request_shortcut" classname="com.github.dreamhead.moco.MocoJsonStandaloneTest" time="1.298"/>
  <testcase name="should_return_expected_response_based_on_specified_json_request_shortcut" classname="com.github.dreamhead.moco.MocoJsonStandaloneTest" time="0.052"/>
  <testcase name="should_return_expected_reponse_based_on_json_path_request" classname="com.github.dreamhead.moco.MocoJsonStandaloneTest" time="0.078"/>
  <testcase name="should_return_expected_response_based_on_specified_json_request" classname="com.github.dreamhead.moco.MocoJsonStandaloneTest" time="0.027"/>
  <system-out><![CDATA[11 Mar 2020 01:26:51 [Test worker] INFO  Server is started at 12306
11 Mar 2020 01:26:51 [pool-1-thread-2] INFO  Request received:

GET /json_response_shortcut HTTP/1.1
content-length: 0
Connection: Keep-Alive
User-Agent: Apache-HttpClient/4.5.11 (Java/11.0.6)
Host: localhost:12306
Accept-Encoding: gzip,deflate

11 Mar 2020 01:26:51 [pool-1-thread-2] INFO  Response return:

HTTP/1.1 200
Content-Length: 13
Content-Type: application/json; charset=utf-8

{"foo":"bar"}

11 Mar 2020 01:26:51 [Test worker] INFO  Server stopped.
11 Mar 2020 01:26:51 [Test worker] INFO  Server is started at 12306
11 Mar 2020 01:26:51 [pool-1-thread-6] INFO  Request received:

POST /json_shortcut HTTP/1.1
Connection: Keep-Alive
User-Agent: Apache-HttpClient/4.5.11 (Java/11.0.6)
Host: localhost:12306
Accept-Encoding: gzip,deflate
Content-Length: 16
Content-Type: text/plain; charset=UTF-8

{
	"foo":"bar"
}

11 Mar 2020 01:26:51 [pool-1-thread-6] INFO  Response return:

HTTP/1.1 200
Content-Length: 26
Content-Type: text/plain; charset=utf-8

response_for_json_shortcut

11 Mar 2020 01:26:51 [Test worker] INFO  Server stopped.
11 Mar 2020 01:26:51 [Test worker] INFO  Server is started at 12306
11 Mar 2020 01:26:51 [pool-1-thread-1] INFO  Request received:

POST /jsonpath HTTP/1.1
Connection: Keep-Alive
User-Agent: Apache-HttpClient/4.5.11 (Java/11.0.6)
Host: localhost:12306
Accept-Encoding: gzip,deflate
Content-Length: 22
Content-Type: text/plain; charset=UTF-8

{"book":{"price":"1"}}

11 Mar 2020 01:26:51 [pool-1-thread-1] INFO  Response return:

HTTP/1.1 200
Content-Length: 30
Content-Type: text/plain; charset=utf-8

response_for_json_path_request

11 Mar 2020 01:26:51 [Test worker] INFO  Server stopped.
11 Mar 2020 01:26:51 [Test worker] INFO  Server is started at 12306
11 Mar 2020 01:26:51 [pool-1-thread-1] INFO  Request received:

POST /json HTTP/1.1
Connection: Keep-Alive
User-Agent: Apache-HttpClient/4.5.11 (Java/11.0.6)
Host: localhost:12306
Accept-Encoding: gzip,deflate
Content-Length: 16
Content-Type: text/plain; charset=UTF-8

{
	"foo":"bar"
}

11 Mar 2020 01:26:51 [pool-1-thread-1] INFO  Response return:

HTTP/1.1 200
Content-Length: 25
Content-Type: text/plain; charset=utf-8

response_for_json_request

11 Mar 2020 01:26:51 [Test worker] INFO  Server stopped.
]]></system-out>
  <system-err><![CDATA[]]></system-err>
</testsuite>
