<?xml version="1.0" encoding="UTF-8"?>
<testsuite name="com.github.dreamhead.moco.runner.SettingRunnerTest" tests="8" skipped="0" failures="0" errors="0" timestamp="2020-03-11T08:27:22" hostname="ubuntu" time="0.17">
  <properties/>
  <testcase name="should_run_with_setting_with_file_root" classname="com.github.dreamhead.moco.runner.SettingRunnerTest" time="0.03"/>
  <testcase name="should_run_with_global_request_settings" classname="com.github.dreamhead.moco.runner.SettingRunnerTest" time="0.017"/>
  <testcase name="should_run_with_global_response_settings" classname="com.github.dreamhead.moco.runner.SettingRunnerTest" time="0.016"/>
  <testcase name="should_run_with_setting_with_context" classname="com.github.dreamhead.moco.runner.SettingRunnerTest" time="0.041"/>
  <testcase name="should_throw_exception_without_global_request_settings" classname="com.github.dreamhead.moco.runner.SettingRunnerTest" time="0.017"/>
  <testcase name="should_run_with_env" classname="com.github.dreamhead.moco.runner.SettingRunnerTest" time="0.013"/>
  <testcase name="should_not_run_without_env" classname="com.github.dreamhead.moco.runner.SettingRunnerTest" time="0.012"/>
  <testcase name="should_run_with_setting" classname="com.github.dreamhead.moco.runner.SettingRunnerTest" time="0.014"/>
  <system-out><![CDATA[11 Mar 2020 01:27:22 [Test worker] INFO  Server is started at 12306
11 Mar 2020 01:27:22 [pool-1-thread-9] INFO  Request received:

GET /fileroot/fileroot HTTP/1.1
content-length: 0
Connection: Keep-Alive
User-Agent: Apache-HttpClient/4.5.11 (Java/11.0.6)
Host: localhost:12306
Accept-Encoding: gzip,deflate

11 Mar 2020 01:27:22 [pool-1-thread-9] INFO  Response return:

HTTP/1.1 200
Content-Length: 12
Content-Type: text/plain; charset=utf-8

foo.response

11 Mar 2020 01:27:22 [Test worker] INFO  Server stopped.
11 Mar 2020 01:27:22 [Test worker] INFO  Server is started at 12306
11 Mar 2020 01:27:22 [pool-1-thread-8] INFO  Request received:

GET /foo HTTP/1.1
content-length: 0
foo: bar
Connection: Keep-Alive
User-Agent: Apache-HttpClient/4.5.11 (Java/11.0.6)
Host: localhost:12306
Accept-Encoding: gzip,deflate

11 Mar 2020 01:27:22 [pool-1-thread-8] INFO  Response return:

HTTP/1.1 200
Content-Length: 3
Content-Type: text/plain; charset=utf-8

foo

11 Mar 2020 01:27:22 [Test worker] INFO  Server stopped.
11 Mar 2020 01:27:22 [Test worker] INFO  Server is started at 12306
11 Mar 2020 01:27:22 [pool-1-thread-8] INFO  Request received:

GET /foo HTTP/1.1
content-length: 0
Connection: Keep-Alive
User-Agent: Apache-HttpClient/4.5.11 (Java/11.0.6)
Host: localhost:12306
Accept-Encoding: gzip,deflate

11 Mar 2020 01:27:22 [pool-1-thread-8] INFO  Response return:

HTTP/1.1 200
foo: bar
Content-Length: 3
Content-Type: text/plain; charset=utf-8

foo

11 Mar 2020 01:27:22 [Test worker] INFO  Server stopped.
11 Mar 2020 01:27:22 [Test worker] INFO  Server is started at 12306
11 Mar 2020 01:27:22 [pool-1-thread-8] INFO  Request received:

GET /foo/foo HTTP/1.1
content-length: 0
Connection: Keep-Alive
User-Agent: Apache-HttpClient/4.5.11 (Java/11.0.6)
Host: localhost:12306
Accept-Encoding: gzip,deflate

11 Mar 2020 01:27:22 [pool-1-thread-8] INFO  Response return:

HTTP/1.1 200
Content-Length: 3
Content-Type: text/plain; charset=utf-8

foo

11 Mar 2020 01:27:22 [pool-1-thread-8] INFO  Request received:

GET /bar/bar HTTP/1.1
content-length: 0
Connection: Keep-Alive
User-Agent: Apache-HttpClient/4.5.11 (Java/11.0.6)
Host: localhost:12306
Accept-Encoding: gzip,deflate

11 Mar 2020 01:27:22 [pool-1-thread-8] INFO  Response return:

HTTP/1.1 200
Content-Length: 3
Content-Type: text/plain; charset=utf-8

bar

11 Mar 2020 01:27:22 [Test worker] INFO  Server stopped.
11 Mar 2020 01:27:22 [Test worker] INFO  Server is started at 12306
11 Mar 2020 01:27:22 [pool-1-thread-8] INFO  Request received:

GET /foo HTTP/1.1
content-length: 0
Connection: Keep-Alive
User-Agent: Apache-HttpClient/4.5.11 (Java/11.0.6)
Host: localhost:12306
Accept-Encoding: gzip,deflate

11 Mar 2020 01:27:22 [pool-1-thread-8] INFO  Response return:

HTTP/1.1 400


11 Mar 2020 01:27:22 [Test worker] INFO  Server stopped.
11 Mar 2020 01:27:22 [Test worker] INFO  Server is started at 12306
11 Mar 2020 01:27:22 [pool-1-thread-8] INFO  Request received:

GET /foo/foo HTTP/1.1
content-length: 0
Connection: Keep-Alive
User-Agent: Apache-HttpClient/4.5.11 (Java/11.0.6)
Host: localhost:12306
Accept-Encoding: gzip,deflate

11 Mar 2020 01:27:22 [pool-1-thread-8] INFO  Response return:

HTTP/1.1 200
Content-Length: 3
Content-Type: text/plain; charset=utf-8

foo

11 Mar 2020 01:27:22 [Test worker] INFO  Server stopped.
11 Mar 2020 01:27:22 [Test worker] INFO  Server is started at 12306
11 Mar 2020 01:27:22 [pool-1-thread-8] INFO  Request received:

GET /foo/foo HTTP/1.1
content-length: 0
Connection: Keep-Alive
User-Agent: Apache-HttpClient/4.5.11 (Java/11.0.6)
Host: localhost:12306
Accept-Encoding: gzip,deflate

11 Mar 2020 01:27:22 [pool-1-thread-8] INFO  Response return:

HTTP/1.1 400


11 Mar 2020 01:27:22 [Test worker] INFO  Server stopped.
11 Mar 2020 01:27:22 [Test worker] INFO  Server is started at 12306
11 Mar 2020 01:27:22 [pool-1-thread-3] INFO  Request received:

GET /foo HTTP/1.1
content-length: 0
Connection: Keep-Alive
User-Agent: Apache-HttpClient/4.5.11 (Java/11.0.6)
Host: localhost:12306
Accept-Encoding: gzip,deflate

11 Mar 2020 01:27:22 [pool-1-thread-3] INFO  Response return:

HTTP/1.1 200
Content-Length: 3
Content-Type: text/plain; charset=utf-8

foo

11 Mar 2020 01:27:22 [pool-1-thread-3] INFO  Request received:

GET /bar HTTP/1.1
content-length: 0
Connection: Keep-Alive
User-Agent: Apache-HttpClient/4.5.11 (Java/11.0.6)
Host: localhost:12306
Accept-Encoding: gzip,deflate

11 Mar 2020 01:27:22 [pool-1-thread-3] INFO  Response return:

HTTP/1.1 200
Content-Length: 3
Content-Type: text/plain; charset=utf-8

bar

11 Mar 2020 01:27:22 [Test worker] INFO  Server stopped.
]]></system-out>
  <system-err><![CDATA[]]></system-err>
</testsuite>
