<?xml version="1.0" encoding="UTF-8"?>
<testsuite name="com.github.dreamhead.moco.MocoContainTest" tests="4" skipped="0" failures="0" errors="0" timestamp="2020-03-11T08:27:38" hostname="ubuntu" time="0.059">
  <properties/>
  <testcase name="should_match_query" classname="com.github.dreamhead.moco.MocoContainTest" time="0.019"/>
  <testcase name="should_match_uri" classname="com.github.dreamhead.moco.MocoContainTest" time="0.013"/>
  <testcase name="should_match_header" classname="com.github.dreamhead.moco.MocoContainTest" time="0.012"/>
  <testcase name="should_match_text" classname="com.github.dreamhead.moco.MocoContainTest" time="0.012"/>
  <system-out><![CDATA[]]></system-out>
  <system-err><![CDATA[]]></system-err>
</testsuite>
