<?xml version="1.0" encoding="UTF-8"?>
<testsuite name="com.github.dreamhead.moco.MocoPathResourceTest" tests="2" skipped="0" failures="0" errors="0" timestamp="2020-03-11T08:27:35" hostname="ubuntu" time="0.019">
  <properties/>
  <testcase name="should_return_response_based_on_path_resource" classname="com.github.dreamhead.moco.MocoPathResourceTest" time="0.01"/>
  <testcase name="should_return_path_resource_based_on_specified_request" classname="com.github.dreamhead.moco.MocoPathResourceTest" time="0.008"/>
  <system-out><![CDATA[]]></system-out>
  <system-err><![CDATA[]]></system-err>
</testsuite>
