<?xml version="1.0" encoding="UTF-8"?>
<testsuite name="com.github.dreamhead.moco.MocoAttachmentStandaloneTest" tests="3" skipped="0" failures="0" errors="0" timestamp="2020-03-11T08:27:34" hostname="ubuntu" time="0.048">
  <properties/>
  <testcase name="should_attach_text_attchment" classname="com.github.dreamhead.moco.MocoAttachmentStandaloneTest" time="0.017"/>
  <testcase name="should_attach_file_attchment" classname="com.github.dreamhead.moco.MocoAttachmentStandaloneTest" time="0.016"/>
  <testcase name="should_attach_path_attchment" classname="com.github.dreamhead.moco.MocoAttachmentStandaloneTest" time="0.01"/>
  <system-out><![CDATA[]]></system-out>
  <system-err><![CDATA[]]></system-err>
</testsuite>
