<?xml version="1.0" encoding="UTF-8"?>
<testsuite name="com.github.dreamhead.moco.bootstrap.ShutdownArgsTest" tests="3" skipped="0" failures="0" errors="0" timestamp="2020-03-11T08:27:34" hostname="ubuntu" time="0.002">
  <properties/>
  <testcase name="should_set_shutdown_port" classname="com.github.dreamhead.moco.bootstrap.ShutdownArgsTest" time="0.001"/>
  <testcase name="should_parse_shutdown_default_arguments" classname="com.github.dreamhead.moco.bootstrap.ShutdownArgsTest" time="0.0"/>
  <testcase name="should_parse_shutdown_arguments" classname="com.github.dreamhead.moco.bootstrap.ShutdownArgsTest" time="0.001"/>
  <system-out><![CDATA[]]></system-out>
  <system-err><![CDATA[]]></system-err>
</testsuite>
