<?xml version="1.0" encoding="UTF-8"?>
<testsuite name="com.github.dreamhead.moco.MocoRedirectStandaloneTest" tests="3" skipped="0" failures="0" errors="0" timestamp="2020-03-11T08:27:22" hostname="ubuntu" time="0.256">
  <properties/>
  <testcase name="should_redirect_to_expected_url" classname="com.github.dreamhead.moco.MocoRedirectStandaloneTest" time="0.059"/>
  <testcase name="should_redirect_to_expected_url_with_path_resource" classname="com.github.dreamhead.moco.MocoRedirectStandaloneTest" time="0.016"/>
  <testcase name="should_redirect_to_expected_url_with_template" classname="com.github.dreamhead.moco.MocoRedirectStandaloneTest" time="0.177"/>
  <system-out><![CDATA[11 Mar 2020 01:27:22 [Test worker] INFO  Server is started at 12306
11 Mar 2020 01:27:22 [pool-1-thread-5] INFO  Request received:

GET /redirect HTTP/1.1
content-length: 0
Connection: Keep-Alive
User-Agent: Apache-HttpClient/4.5.11 (Java/11.0.6)
Host: localhost:12306
Accept-Encoding: gzip,deflate

11 Mar 2020 01:27:22 [pool-1-thread-5] INFO  Response return:

HTTP/1.1 302
Location: http://localhost:12306/redirectTo

11 Mar 2020 01:27:22 [pool-1-thread-5] INFO  Request received:

GET /redirectTo HTTP/1.1
content-length: 0
Connection: Keep-Alive
User-Agent: Apache-HttpClient/4.5.11 (Java/11.0.6)
Host: localhost:12306
Accept-Encoding: gzip,deflate

11 Mar 2020 01:27:22 [pool-1-thread-5] INFO  Response return:

HTTP/1.1 200
Content-Length: 3
Content-Type: text/plain; charset=utf-8

foo

11 Mar 2020 01:27:22 [Test worker] INFO  Server stopped.
11 Mar 2020 01:27:22 [Test worker] INFO  Server is started at 12306
11 Mar 2020 01:27:22 [pool-1-thread-2] INFO  Request received:

GET /redirect-with-path-resource HTTP/1.1
content-length: 0
Connection: Keep-Alive
User-Agent: Apache-HttpClient/4.5.11 (Java/11.0.6)
Host: localhost:12306
Accept-Encoding: gzip,deflate

11 Mar 2020 01:27:22 [pool-1-thread-2] INFO  Response return:

HTTP/1.1 302
Location: http://localhost:12306/redirectTo

11 Mar 2020 01:27:22 [pool-1-thread-2] INFO  Request received:

GET /redirectTo HTTP/1.1
content-length: 0
Connection: Keep-Alive
User-Agent: Apache-HttpClient/4.5.11 (Java/11.0.6)
Host: localhost:12306
Accept-Encoding: gzip,deflate

11 Mar 2020 01:27:22 [pool-1-thread-2] INFO  Response return:

HTTP/1.1 200
Content-Length: 3
Content-Type: text/plain; charset=utf-8

foo

11 Mar 2020 01:27:22 [Test worker] INFO  Server stopped.
11 Mar 2020 01:27:22 [Test worker] INFO  Server is started at 12306
11 Mar 2020 01:27:22 [pool-1-thread-2] INFO  Request received:

GET /redirect-with-template HTTP/1.1
content-length: 0
Connection: Keep-Alive
User-Agent: Apache-HttpClient/4.5.11 (Java/11.0.6)
Host: localhost:12306
Accept-Encoding: gzip,deflate

11 Mar 2020 01:27:23 [pool-1-thread-2] INFO  Response return:

HTTP/1.1 302
Location: http://localhost:12306/redirectTo

11 Mar 2020 01:27:23 [pool-1-thread-2] INFO  Request received:

GET /redirectTo HTTP/1.1
content-length: 0
Connection: Keep-Alive
User-Agent: Apache-HttpClient/4.5.11 (Java/11.0.6)
Host: localhost:12306
Accept-Encoding: gzip,deflate

11 Mar 2020 01:27:23 [pool-1-thread-2] INFO  Response return:

HTTP/1.1 200
Content-Length: 3
Content-Type: text/plain; charset=utf-8

foo

11 Mar 2020 01:27:23 [Test worker] INFO  Server stopped.
]]></system-out>
  <system-err><![CDATA[]]></system-err>
</testsuite>
